Building DAG of jobs...
Using shell: /usr/bin/bash
Provided cores: 30
Rules claiming more threads will be scaled down.
Conda environments: ignored
Job stats:
job                           count    min threads    max threads
--------------------------  -------  -------------  -------------
assemble_count_table              1              1              1
concat_lanes                     26              1              1
deduplicate_UMIs_and_count       13              1              1
generate_regexes                  1              1              1
parse_fastqs                     13              1              1
parse_genotype                   13              1              1
parse_indices                    13              1              1
validate_mutations                1              1              1
total                            81              1              1

Select jobs to execute...

[Mon Jul 25 16:33:47 2022]
rule concat_lanes:
    input: /n/desai_lab/users/aphillips/babyYODA/titeseq/full_titeseq_data/seq_data/Nova5_merged/fastq/CH65_Nova5/CH65_i_SI_G189D_neg_a_S7_L001_R2_001.fastq.gz, /n/desai_lab/users/aphillips/babyYODA/titeseq/full_titeseq_data/seq_data/Nova5_merged/fastq/CH65_Nova5/CH65_i_SI_G189D_neg_a_S7_L002_R2_001.fastq.gz
    output: results_CH65/grouped_fastq/CH65_i_SI_G189D_neg_a_R2.fastq.gz
    jobid: 44
    wildcards: sample=CH65_i_SI_G189D_neg_a, read=2
    resources: tmpdir=/tmp


[Mon Jul 25 16:33:47 2022]
rule concat_lanes:
    input: /n/desai_lab/users/aphillips/babyYODA/titeseq/full_titeseq_data/seq_data/Nova5_merged/fastq/CH65_Nova5/CH65_i_MI_pos_c_S6_L001_R2_001.fastq.gz, /n/desai_lab/users/aphillips/babyYODA/titeseq/full_titeseq_data/seq_data/Nova5_merged/fastq/CH65_Nova5/CH65_i_MI_pos_c_S6_L002_R2_001.fastq.gz
    output: results_CH65/grouped_fastq/CH65_i_MI_pos_c_R2.fastq.gz
    jobid: 38
    wildcards: sample=CH65_i_MI_pos_c, read=2
    resources: tmpdir=/tmp


[Mon Jul 25 16:33:47 2022]
rule concat_lanes:
    input: /n/desai_lab/users/aphillips/babyYODA/titeseq/full_titeseq_data/seq_data/Nova5_merged/fastq/CH65_Nova5/CH65_i_unsorted_S13_L001_R2_001.fastq.gz, /n/desai_lab/users/aphillips/babyYODA/titeseq/full_titeseq_data/seq_data/Nova5_merged/fastq/CH65_Nova5/CH65_i_unsorted_S13_L002_R2_001.fastq.gz
    output: results_CH65/grouped_fastq/CH65_i_unsorted_R2.fastq.gz
    jobid: 80
    wildcards: sample=CH65_i_unsorted, read=2
    resources: tmpdir=/tmp


[Mon Jul 25 16:33:47 2022]
rule concat_lanes:
    input: /n/desai_lab/users/aphillips/babyYODA/titeseq/full_titeseq_data/seq_data/Nova5_merged/fastq/CH65_Nova5/CH65_i_MI_neg_c_S5_L001_R1_001.fastq.gz, /n/desai_lab/users/aphillips/babyYODA/titeseq/full_titeseq_data/seq_data/Nova5_merged/fastq/CH65_Nova5/CH65_i_MI_neg_c_S5_L002_R1_001.fastq.gz
    output: results_CH65/grouped_fastq/CH65_i_MI_neg_c_R1.fastq.gz
    jobid: 31
    wildcards: sample=CH65_i_MI_neg_c, read=1
    resources: tmpdir=/tmp


[Mon Jul 25 16:33:48 2022]
rule concat_lanes:
    input: /n/desai_lab/users/aphillips/babyYODA/titeseq/full_titeseq_data/seq_data/Nova5_merged/fastq/CH65_Nova5/CH65_i_SI_G189D_pos_c_S12_L001_R1_001.fastq.gz, /n/desai_lab/users/aphillips/babyYODA/titeseq/full_titeseq_data/seq_data/Nova5_merged/fastq/CH65_Nova5/CH65_i_SI_G189D_pos_c_S12_L002_R1_001.fastq.gz
    output: results_CH65/grouped_fastq/CH65_i_SI_G189D_pos_c_R1.fastq.gz
    jobid: 73
    wildcards: sample=CH65_i_SI_G189D_pos_c, read=1
    resources: tmpdir=/tmp


[Mon Jul 25 16:33:49 2022]
rule concat_lanes:
    input: /n/desai_lab/users/aphillips/babyYODA/titeseq/full_titeseq_data/seq_data/Nova5_merged/fastq/CH65_Nova5/CH65_i_SI_G189D_neg_c_S11_L001_R1_001.fastq.gz, /n/desai_lab/users/aphillips/babyYODA/titeseq/full_titeseq_data/seq_data/Nova5_merged/fastq/CH65_Nova5/CH65_i_SI_G189D_neg_c_S11_L002_R1_001.fastq.gz
    output: results_CH65/grouped_fastq/CH65_i_SI_G189D_neg_c_R1.fastq.gz
    jobid: 67
    wildcards: sample=CH65_i_SI_G189D_neg_c, read=1
    resources: tmpdir=/tmp


[Mon Jul 25 16:33:51 2022]
rule concat_lanes:
    input: /n/desai_lab/users/aphillips/babyYODA/titeseq/full_titeseq_data/seq_data/Nova5_merged/fastq/CH65_Nova5/CH65_i_MI_pos_b_S4_L001_R1_001.fastq.gz, /n/desai_lab/users/aphillips/babyYODA/titeseq/full_titeseq_data/seq_data/Nova5_merged/fastq/CH65_Nova5/CH65_i_MI_pos_b_S4_L002_R1_001.fastq.gz
    output: results_CH65/grouped_fastq/CH65_i_MI_pos_b_R1.fastq.gz
    jobid: 25
    wildcards: sample=CH65_i_MI_pos_b, read=1
    resources: tmpdir=/tmp


[Mon Jul 25 16:33:52 2022]
rule concat_lanes:
    input: /n/desai_lab/users/aphillips/babyYODA/titeseq/full_titeseq_data/seq_data/Nova5_merged/fastq/CH65_Nova5/CH65_i_MI_neg_c_S5_L001_R2_001.fastq.gz, /n/desai_lab/users/aphillips/babyYODA/titeseq/full_titeseq_data/seq_data/Nova5_merged/fastq/CH65_Nova5/CH65_i_MI_neg_c_S5_L002_R2_001.fastq.gz
    output: results_CH65/grouped_fastq/CH65_i_MI_neg_c_R2.fastq.gz
    jobid: 32
    wildcards: sample=CH65_i_MI_neg_c, read=2
    resources: tmpdir=/tmp


[Mon Jul 25 16:33:54 2022]
rule concat_lanes:
    input: /n/desai_lab/users/aphillips/babyYODA/titeseq/full_titeseq_data/seq_data/Nova5_merged/fastq/CH65_Nova5/CH65_i_SI_G189D_pos_c_S12_L001_R2_001.fastq.gz, /n/desai_lab/users/aphillips/babyYODA/titeseq/full_titeseq_data/seq_data/Nova5_merged/fastq/CH65_Nova5/CH65_i_SI_G189D_pos_c_S12_L002_R2_001.fastq.gz
    output: results_CH65/grouped_fastq/CH65_i_SI_G189D_pos_c_R2.fastq.gz
    jobid: 74
    wildcards: sample=CH65_i_SI_G189D_pos_c, read=2
    resources: tmpdir=/tmp


[Mon Jul 25 16:33:56 2022]
rule concat_lanes:
    input: /n/desai_lab/users/aphillips/babyYODA/titeseq/full_titeseq_data/seq_data/Nova5_merged/fastq/CH65_Nova5/CH65_i_SI_G189D_neg_c_S11_L001_R2_001.fastq.gz, /n/desai_lab/users/aphillips/babyYODA/titeseq/full_titeseq_data/seq_data/Nova5_merged/fastq/CH65_Nova5/CH65_i_SI_G189D_neg_c_S11_L002_R2_001.fastq.gz
    output: results_CH65/grouped_fastq/CH65_i_SI_G189D_neg_c_R2.fastq.gz
    jobid: 68
    wildcards: sample=CH65_i_SI_G189D_neg_c, read=2
    resources: tmpdir=/tmp


[Mon Jul 25 16:33:59 2022]
rule concat_lanes:
    input: /n/desai_lab/users/aphillips/babyYODA/titeseq/full_titeseq_data/seq_data/Nova5_merged/fastq/CH65_Nova5/CH65_i_MI_pos_b_S4_L001_R2_001.fastq.gz, /n/desai_lab/users/aphillips/babyYODA/titeseq/full_titeseq_data/seq_data/Nova5_merged/fastq/CH65_Nova5/CH65_i_MI_pos_b_S4_L002_R2_001.fastq.gz
    output: results_CH65/grouped_fastq/CH65_i_MI_pos_b_R2.fastq.gz
    jobid: 26
    wildcards: sample=CH65_i_MI_pos_b, read=2
    resources: tmpdir=/tmp


[Mon Jul 25 16:34:02 2022]
rule concat_lanes:
    input: /n/desai_lab/users/aphillips/babyYODA/titeseq/full_titeseq_data/seq_data/Nova5_merged/fastq/CH65_Nova5/CH65_i_unsorted_S13_L001_R1_001.fastq.gz, /n/desai_lab/users/aphillips/babyYODA/titeseq/full_titeseq_data/seq_data/Nova5_merged/fastq/CH65_Nova5/CH65_i_unsorted_S13_L002_R1_001.fastq.gz
    output: results_CH65/grouped_fastq/CH65_i_unsorted_R1.fastq.gz
    jobid: 79
    wildcards: sample=CH65_i_unsorted, read=1
    resources: tmpdir=/tmp


[Mon Jul 25 16:34:04 2022]
rule concat_lanes:
    input: /n/desai_lab/users/aphillips/babyYODA/titeseq/full_titeseq_data/seq_data/Nova5_merged/fastq/CH65_Nova5/CH65_i_MI_neg_a_S1_L001_R1_001.fastq.gz, /n/desai_lab/users/aphillips/babyYODA/titeseq/full_titeseq_data/seq_data/Nova5_merged/fastq/CH65_Nova5/CH65_i_MI_neg_a_S1_L002_R1_001.fastq.gz
    output: results_CH65/grouped_fastq/CH65_i_MI_neg_a_R1.fastq.gz
    jobid: 5
    wildcards: sample=CH65_i_MI_neg_a, read=1
    resources: tmpdir=/tmp


[Mon Jul 25 16:34:10 2022]
rule concat_lanes:
    input: /n/desai_lab/users/aphillips/babyYODA/titeseq/full_titeseq_data/seq_data/Nova5_merged/fastq/CH65_Nova5/CH65_i_SI_G189D_pos_b_S10_L001_R1_001.fastq.gz, /n/desai_lab/users/aphillips/babyYODA/titeseq/full_titeseq_data/seq_data/Nova5_merged/fastq/CH65_Nova5/CH65_i_SI_G189D_pos_b_S10_L002_R1_001.fastq.gz
    output: results_CH65/grouped_fastq/CH65_i_SI_G189D_pos_b_R1.fastq.gz
    jobid: 61
    wildcards: sample=CH65_i_SI_G189D_pos_b, read=1
    resources: tmpdir=/tmp


[Mon Jul 25 16:34:13 2022]
rule concat_lanes:
    input: /n/desai_lab/users/aphillips/babyYODA/titeseq/full_titeseq_data/seq_data/Nova5_merged/fastq/CH65_Nova5/CH65_i_MI_neg_b_S3_L001_R1_001.fastq.gz, /n/desai_lab/users/aphillips/babyYODA/titeseq/full_titeseq_data/seq_data/Nova5_merged/fastq/CH65_Nova5/CH65_i_MI_neg_b_S3_L002_R1_001.fastq.gz
    output: results_CH65/grouped_fastq/CH65_i_MI_neg_b_R1.fastq.gz
    jobid: 19
    wildcards: sample=CH65_i_MI_neg_b, read=1
    resources: tmpdir=/tmp


[Mon Jul 25 16:34:21 2022]
rule concat_lanes:
    input: /n/desai_lab/users/aphillips/babyYODA/titeseq/full_titeseq_data/seq_data/Nova5_merged/fastq/CH65_Nova5/CH65_i_MI_pos_a_S2_L001_R1_001.fastq.gz, /n/desai_lab/users/aphillips/babyYODA/titeseq/full_titeseq_data/seq_data/Nova5_merged/fastq/CH65_Nova5/CH65_i_MI_pos_a_S2_L002_R1_001.fastq.gz
    output: results_CH65/grouped_fastq/CH65_i_MI_pos_a_R1.fastq.gz
    jobid: 13
    wildcards: sample=CH65_i_MI_pos_a, read=1
    resources: tmpdir=/tmp


[Mon Jul 25 16:34:21 2022]
rule concat_lanes:
    input: /n/desai_lab/users/aphillips/babyYODA/titeseq/full_titeseq_data/seq_data/Nova5_merged/fastq/CH65_Nova5/CH65_i_SI_G189D_neg_b_S9_L001_R1_001.fastq.gz, /n/desai_lab/users/aphillips/babyYODA/titeseq/full_titeseq_data/seq_data/Nova5_merged/fastq/CH65_Nova5/CH65_i_SI_G189D_neg_b_S9_L002_R1_001.fastq.gz
    output: results_CH65/grouped_fastq/CH65_i_SI_G189D_neg_b_R1.fastq.gz
    jobid: 55
    wildcards: sample=CH65_i_SI_G189D_neg_b, read=1
    resources: tmpdir=/tmp


[Mon Jul 25 16:34:33 2022]
rule concat_lanes:
    input: /n/desai_lab/users/aphillips/babyYODA/titeseq/full_titeseq_data/seq_data/Nova5_merged/fastq/CH65_Nova5/CH65_i_SI_G189D_pos_b_S10_L001_R2_001.fastq.gz, /n/desai_lab/users/aphillips/babyYODA/titeseq/full_titeseq_data/seq_data/Nova5_merged/fastq/CH65_Nova5/CH65_i_SI_G189D_pos_b_S10_L002_R2_001.fastq.gz
    output: results_CH65/grouped_fastq/CH65_i_SI_G189D_pos_b_R2.fastq.gz
    jobid: 62
    wildcards: sample=CH65_i_SI_G189D_pos_b, read=2
    resources: tmpdir=/tmp


[Mon Jul 25 16:34:37 2022]
rule concat_lanes:
    input: /n/desai_lab/users/aphillips/babyYODA/titeseq/full_titeseq_data/seq_data/Nova5_merged/fastq/CH65_Nova5/CH65_i_MI_neg_a_S1_L001_R2_001.fastq.gz, /n/desai_lab/users/aphillips/babyYODA/titeseq/full_titeseq_data/seq_data/Nova5_merged/fastq/CH65_Nova5/CH65_i_MI_neg_a_S1_L002_R2_001.fastq.gz
    output: results_CH65/grouped_fastq/CH65_i_MI_neg_a_R2.fastq.gz
    jobid: 6
    wildcards: sample=CH65_i_MI_neg_a, read=2
    resources: tmpdir=/tmp


[Mon Jul 25 16:34:45 2022]
rule concat_lanes:
    input: /n/desai_lab/users/aphillips/babyYODA/titeseq/full_titeseq_data/seq_data/Nova5_merged/fastq/CH65_Nova5/CH65_i_MI_neg_b_S3_L001_R2_001.fastq.gz, /n/desai_lab/users/aphillips/babyYODA/titeseq/full_titeseq_data/seq_data/Nova5_merged/fastq/CH65_Nova5/CH65_i_MI_neg_b_S3_L002_R2_001.fastq.gz
    output: results_CH65/grouped_fastq/CH65_i_MI_neg_b_R2.fastq.gz
    jobid: 20
    wildcards: sample=CH65_i_MI_neg_b, read=2
    resources: tmpdir=/tmp


[Mon Jul 25 16:34:49 2022]
rule concat_lanes:
    input: /n/desai_lab/users/aphillips/babyYODA/titeseq/full_titeseq_data/seq_data/Nova5_merged/fastq/CH65_Nova5/CH65_i_MI_pos_a_S2_L001_R2_001.fastq.gz, /n/desai_lab/users/aphillips/babyYODA/titeseq/full_titeseq_data/seq_data/Nova5_merged/fastq/CH65_Nova5/CH65_i_MI_pos_a_S2_L002_R2_001.fastq.gz
    output: results_CH65/grouped_fastq/CH65_i_MI_pos_a_R2.fastq.gz
    jobid: 14
    wildcards: sample=CH65_i_MI_pos_a, read=2
    resources: tmpdir=/tmp


[Mon Jul 25 16:35:06 2022]
rule concat_lanes:
    input: /n/desai_lab/users/aphillips/babyYODA/titeseq/full_titeseq_data/seq_data/Nova5_merged/fastq/CH65_Nova5/CH65_i_SI_G189D_neg_b_S9_L001_R2_001.fastq.gz, /n/desai_lab/users/aphillips/babyYODA/titeseq/full_titeseq_data/seq_data/Nova5_merged/fastq/CH65_Nova5/CH65_i_SI_G189D_neg_b_S9_L002_R2_001.fastq.gz
    output: results_CH65/grouped_fastq/CH65_i_SI_G189D_neg_b_R2.fastq.gz
    jobid: 56
    wildcards: sample=CH65_i_SI_G189D_neg_b, read=2
    resources: tmpdir=/tmp


[Mon Jul 25 16:35:20 2022]
rule concat_lanes:
    input: /n/desai_lab/users/aphillips/babyYODA/titeseq/full_titeseq_data/seq_data/Nova5_merged/fastq/CH65_Nova5/CH65_i_SI_G189D_pos_a_S8_L001_R1_001.fastq.gz, /n/desai_lab/users/aphillips/babyYODA/titeseq/full_titeseq_data/seq_data/Nova5_merged/fastq/CH65_Nova5/CH65_i_SI_G189D_pos_a_S8_L002_R1_001.fastq.gz
    output: results_CH65/grouped_fastq/CH65_i_SI_G189D_pos_a_R1.fastq.gz
    jobid: 49
    wildcards: sample=CH65_i_SI_G189D_pos_a, read=1
    resources: tmpdir=/tmp


[Mon Jul 25 16:35:20 2022]
rule concat_lanes:
    input: /n/desai_lab/users/aphillips/babyYODA/titeseq/full_titeseq_data/seq_data/Nova5_merged/fastq/CH65_Nova5/CH65_i_SI_G189D_neg_a_S7_L001_R1_001.fastq.gz, /n/desai_lab/users/aphillips/babyYODA/titeseq/full_titeseq_data/seq_data/Nova5_merged/fastq/CH65_Nova5/CH65_i_SI_G189D_neg_a_S7_L002_R1_001.fastq.gz
    output: results_CH65/grouped_fastq/CH65_i_SI_G189D_neg_a_R1.fastq.gz
    jobid: 43
    wildcards: sample=CH65_i_SI_G189D_neg_a, read=1
    resources: tmpdir=/tmp


[Mon Jul 25 16:35:41 2022]
rule validate_mutations:
    output: results_CH65/mutation_list.tsv
    log: results_CH65/logs/validate_mutations.py.ipynb
    jobid: 8
    resources: tmpdir=/tmp

[Mon Jul 25 16:35:53 2022]
rule concat_lanes:
    input: /n/desai_lab/users/aphillips/babyYODA/titeseq/full_titeseq_data/seq_data/Nova5_merged/fastq/CH65_Nova5/CH65_i_SI_G189D_pos_a_S8_L001_R2_001.fastq.gz, /n/desai_lab/users/aphillips/babyYODA/titeseq/full_titeseq_data/seq_data/Nova5_merged/fastq/CH65_Nova5/CH65_i_SI_G189D_pos_a_S8_L002_R2_001.fastq.gz
    output: results_CH65/grouped_fastq/CH65_i_SI_G189D_pos_a_R2.fastq.gz
    jobid: 50
    wildcards: sample=CH65_i_SI_G189D_pos_a, read=2
    resources: tmpdir=/tmp


[Mon Jul 25 16:35:53 2022]
rule concat_lanes:
    input: /n/desai_lab/users/aphillips/babyYODA/titeseq/full_titeseq_data/seq_data/Nova5_merged/fastq/CH65_Nova5/CH65_i_MI_pos_c_S6_L001_R1_001.fastq.gz, /n/desai_lab/users/aphillips/babyYODA/titeseq/full_titeseq_data/seq_data/Nova5_merged/fastq/CH65_Nova5/CH65_i_MI_pos_c_S6_L002_R1_001.fastq.gz
    output: results_CH65/grouped_fastq/CH65_i_MI_pos_c_R1.fastq.gz
    jobid: 37
    wildcards: sample=CH65_i_MI_pos_c, read=1
    resources: tmpdir=/tmp

[Mon Jul 25 16:35:53 2022]
Finished job 38.
1 of 90 steps (1%) done
[Mon Jul 25 16:36:08 2022]
Finished job 73.
2 of 90 steps (2%) done
[Mon Jul 25 16:36:16 2022]
Finished job 25.
3 of 90 steps (3%) done
[Mon Jul 25 16:36:16 2022]
Finished job 26.
4 of 90 steps (4%) done
[Mon Jul 25 16:36:16 2022]
Finished job 74.
5 of 90 steps (6%) done
[Mon Jul 25 16:36:16 2022]
Finished job 61.
6 of 90 steps (7%) done
[Mon Jul 25 16:36:16 2022]
Finished job 67.
7 of 90 steps (8%) done
[Mon Jul 25 16:36:16 2022]
Finished job 62.
8 of 90 steps (9%) done
[Mon Jul 25 16:36:16 2022]
Finished job 44.
9 of 90 steps (10%) done
[Mon Jul 25 16:36:16 2022]
Finished job 13.
10 of 90 steps (11%) done
[Mon Jul 25 16:36:23 2022]
Finished job 49.
11 of 90 steps (12%) done
[Mon Jul 25 16:36:25 2022]
Finished job 79.
12 of 90 steps (13%) done
[Mon Jul 25 16:36:25 2022]
Finished job 14.
13 of 90 steps (14%) done
[Mon Jul 25 16:36:25 2022]
Finished job 68.
14 of 90 steps (16%) done
[Mon Jul 25 16:36:30 2022]
Finished job 55.
15 of 90 steps (17%) done
[Mon Jul 25 16:36:32 2022]
Finished job 31.
16 of 90 steps (18%) done
[Mon Jul 25 16:36:38 2022]
Finished job 80.
17 of 90 steps (19%) done
[Mon Jul 25 16:36:51 2022]
Finished job 37.
18 of 90 steps (20%) done
[Mon Jul 25 16:36:55 2022]
Finished job 50.
19 of 90 steps (21%) done
[Mon Jul 25 16:37:23 2022]
Finished job 5.
20 of 90 steps (22%) done
[Mon Jul 25 16:37:29 2022]
Finished job 19.
21 of 90 steps (23%) done
[Mon Jul 25 16:37:29 2022]
Finished job 32.
22 of 90 steps (24%) done
[Mon Jul 25 16:37:32 2022]
Finished job 56.
23 of 90 steps (26%) done
[Mon Jul 25 16:37:35 2022]
Finished job 43.
24 of 90 steps (27%) done
[Mon Jul 25 16:37:44 2022]
Finished job 20.
25 of 90 steps (28%) done
[Mon Jul 25 16:37:44 2022]
Finished job 6.
26 of 90 steps (29%) done
[Mon Jul 25 16:38:08 2022]
Finished job 8.
27 of 90 steps (30%) done
Select jobs to execute...

[Mon Jul 25 16:38:08 2022]
rule generate_regexes:
    input: results_CH65/mutation_list.tsv
    output: results_CH65/regexes/read_1_regex.txt, results_CH65/regexes/read_2_regex.txt, results_CH65/regexes/geno_for_regex.txt, results_CH65/regexes/geno_rev_regex.txt
    log: results_CH65/logs/generate_regex.py.ipynb
    jobid: 7
    resources: tmpdir=/tmp

[Mon Jul 25 16:38:27 2022]
Finished job 7.
28 of 90 steps (31%) done
Select jobs to execute...

[Mon Jul 25 16:38:28 2022]
rule parse_fastqs:
    input: results_CH65/grouped_fastq/CH65_i_MI_neg_c_R1.fastq.gz, results_CH65/grouped_fastq/CH65_i_MI_neg_c_R2.fastq.gz, results_CH65/regexes/read_1_regex.txt, results_CH65/regexes/read_2_regex.txt
    output: results_CH65/parsed_fastq/CH65_i_MI_neg_c.tsv, results_CH65/parsed_fastq/CH65_i_MI_neg_c_stats.tsv
    jobid: 30
    wildcards: sample=CH65_i_MI_neg_c
    resources: tmpdir=/tmp

[Mon Jul 25 16:38:28 2022]
rule parse_fastqs:
    input: results_CH65/grouped_fastq/CH65_i_SI_G189D_pos_c_R1.fastq.gz, results_CH65/grouped_fastq/CH65_i_SI_G189D_pos_c_R2.fastq.gz, results_CH65/regexes/read_1_regex.txt, results_CH65/regexes/read_2_regex.txt
    output: results_CH65/parsed_fastq/CH65_i_SI_G189D_pos_c.tsv, results_CH65/parsed_fastq/CH65_i_SI_G189D_pos_c_stats.tsv
    jobid: 72
    wildcards: sample=CH65_i_SI_G189D_pos_c
    resources: tmpdir=/tmp

[Mon Jul 25 16:38:28 2022]
rule parse_fastqs:
    input: results_CH65/grouped_fastq/CH65_i_MI_neg_a_R1.fastq.gz, results_CH65/grouped_fastq/CH65_i_MI_neg_a_R2.fastq.gz, results_CH65/regexes/read_1_regex.txt, results_CH65/regexes/read_2_regex.txt
    output: results_CH65/parsed_fastq/CH65_i_MI_neg_a.tsv, results_CH65/parsed_fastq/CH65_i_MI_neg_a_stats.tsv
    jobid: 4
    wildcards: sample=CH65_i_MI_neg_a
    resources: tmpdir=/tmp

[Mon Jul 25 16:38:28 2022]
rule parse_fastqs:
    input: results_CH65/grouped_fastq/CH65_i_SI_G189D_pos_b_R1.fastq.gz, results_CH65/grouped_fastq/CH65_i_SI_G189D_pos_b_R2.fastq.gz, results_CH65/regexes/read_1_regex.txt, results_CH65/regexes/read_2_regex.txt
    output: results_CH65/parsed_fastq/CH65_i_SI_G189D_pos_b.tsv, results_CH65/parsed_fastq/CH65_i_SI_G189D_pos_b_stats.tsv
    jobid: 60
    wildcards: sample=CH65_i_SI_G189D_pos_b
    resources: tmpdir=/tmp

[Mon Jul 25 16:38:28 2022]
rule parse_fastqs:
    input: results_CH65/grouped_fastq/CH65_i_MI_neg_b_R1.fastq.gz, results_CH65/grouped_fastq/CH65_i_MI_neg_b_R2.fastq.gz, results_CH65/regexes/read_1_regex.txt, results_CH65/regexes/read_2_regex.txt
    output: results_CH65/parsed_fastq/CH65_i_MI_neg_b.tsv, results_CH65/parsed_fastq/CH65_i_MI_neg_b_stats.tsv
    jobid: 18
    wildcards: sample=CH65_i_MI_neg_b
    resources: tmpdir=/tmp

[Mon Jul 25 16:38:28 2022]
rule parse_fastqs:
    input: results_CH65/grouped_fastq/CH65_i_SI_G189D_pos_a_R1.fastq.gz, results_CH65/grouped_fastq/CH65_i_SI_G189D_pos_a_R2.fastq.gz, results_CH65/regexes/read_1_regex.txt, results_CH65/regexes/read_2_regex.txt
    output: results_CH65/parsed_fastq/CH65_i_SI_G189D_pos_a.tsv, results_CH65/parsed_fastq/CH65_i_SI_G189D_pos_a_stats.tsv
    jobid: 48
    wildcards: sample=CH65_i_SI_G189D_pos_a
    resources: tmpdir=/tmp

[Mon Jul 25 16:38:28 2022]
rule parse_fastqs:
    input: results_CH65/grouped_fastq/CH65_i_unsorted_R1.fastq.gz, results_CH65/grouped_fastq/CH65_i_unsorted_R2.fastq.gz, results_CH65/regexes/read_1_regex.txt, results_CH65/regexes/read_2_regex.txt
    output: results_CH65/parsed_fastq/CH65_i_unsorted.tsv, results_CH65/parsed_fastq/CH65_i_unsorted_stats.tsv
    jobid: 78
    wildcards: sample=CH65_i_unsorted
    resources: tmpdir=/tmp

[Mon Jul 25 16:38:28 2022]
rule parse_fastqs:
    input: results_CH65/grouped_fastq/CH65_i_MI_pos_c_R1.fastq.gz, results_CH65/grouped_fastq/CH65_i_MI_pos_c_R2.fastq.gz, results_CH65/regexes/read_1_regex.txt, results_CH65/regexes/read_2_regex.txt
    output: results_CH65/parsed_fastq/CH65_i_MI_pos_c.tsv, results_CH65/parsed_fastq/CH65_i_MI_pos_c_stats.tsv
    jobid: 36
    wildcards: sample=CH65_i_MI_pos_c
    resources: tmpdir=/tmp

[Mon Jul 25 16:38:28 2022]
rule parse_fastqs:
    input: results_CH65/grouped_fastq/CH65_i_SI_G189D_neg_c_R1.fastq.gz, results_CH65/grouped_fastq/CH65_i_SI_G189D_neg_c_R2.fastq.gz, results_CH65/regexes/read_1_regex.txt, results_CH65/regexes/read_2_regex.txt
    output: results_CH65/parsed_fastq/CH65_i_SI_G189D_neg_c.tsv, results_CH65/parsed_fastq/CH65_i_SI_G189D_neg_c_stats.tsv
    jobid: 66
    wildcards: sample=CH65_i_SI_G189D_neg_c
    resources: tmpdir=/tmp

[Mon Jul 25 16:38:28 2022]
rule parse_fastqs:
    input: results_CH65/grouped_fastq/CH65_i_MI_pos_b_R1.fastq.gz, results_CH65/grouped_fastq/CH65_i_MI_pos_b_R2.fastq.gz, results_CH65/regexes/read_1_regex.txt, results_CH65/regexes/read_2_regex.txt
    output: results_CH65/parsed_fastq/CH65_i_MI_pos_b.tsv, results_CH65/parsed_fastq/CH65_i_MI_pos_b_stats.tsv
    jobid: 24
    wildcards: sample=CH65_i_MI_pos_b
    resources: tmpdir=/tmp

[Mon Jul 25 16:38:28 2022]
rule parse_fastqs:
    input: results_CH65/grouped_fastq/CH65_i_SI_G189D_neg_b_R1.fastq.gz, results_CH65/grouped_fastq/CH65_i_SI_G189D_neg_b_R2.fastq.gz, results_CH65/regexes/read_1_regex.txt, results_CH65/regexes/read_2_regex.txt
    output: results_CH65/parsed_fastq/CH65_i_SI_G189D_neg_b.tsv, results_CH65/parsed_fastq/CH65_i_SI_G189D_neg_b_stats.tsv
    jobid: 54
    wildcards: sample=CH65_i_SI_G189D_neg_b
    resources: tmpdir=/tmp

[Mon Jul 25 16:38:28 2022]
rule parse_fastqs:
    input: results_CH65/grouped_fastq/CH65_i_MI_pos_a_R1.fastq.gz, results_CH65/grouped_fastq/CH65_i_MI_pos_a_R2.fastq.gz, results_CH65/regexes/read_1_regex.txt, results_CH65/regexes/read_2_regex.txt
    output: results_CH65/parsed_fastq/CH65_i_MI_pos_a.tsv, results_CH65/parsed_fastq/CH65_i_MI_pos_a_stats.tsv
    jobid: 12
    wildcards: sample=CH65_i_MI_pos_a
    resources: tmpdir=/tmp

[Mon Jul 25 16:38:28 2022]
rule parse_fastqs:
    input: results_CH65/grouped_fastq/CH65_i_SI_G189D_neg_a_R1.fastq.gz, results_CH65/grouped_fastq/CH65_i_SI_G189D_neg_a_R2.fastq.gz, results_CH65/regexes/read_1_regex.txt, results_CH65/regexes/read_2_regex.txt
    output: results_CH65/parsed_fastq/CH65_i_SI_G189D_neg_a.tsv, results_CH65/parsed_fastq/CH65_i_SI_G189D_neg_a_stats.tsv
    jobid: 42
    wildcards: sample=CH65_i_SI_G189D_neg_a
    resources: tmpdir=/tmp

[Mon Jul 25 16:41:02 2022]
Finished job 12.
29 of 90 steps (32%) done
Select jobs to execute...

[Mon Jul 25 16:41:02 2022]
rule parse_indices:
    input: results_CH65/parsed_fastq/CH65_i_MI_pos_a.tsv
    output: results_CH65/indexed_fastq/CH65_i_MI_pos_a.tsv, results_CH65/indexed_fastq/CH65_i_MI_pos_a_stats.tsv
    jobid: 11
    wildcards: sample=CH65_i_MI_pos_a
    resources: tmpdir=/tmp

[Mon Jul 25 16:41:05 2022]
Finished job 24.
30 of 90 steps (33%) done
Select jobs to execute...

[Mon Jul 25 16:41:05 2022]
rule parse_indices:
    input: results_CH65/parsed_fastq/CH65_i_MI_pos_b.tsv
    output: results_CH65/indexed_fastq/CH65_i_MI_pos_b.tsv, results_CH65/indexed_fastq/CH65_i_MI_pos_b_stats.tsv
    jobid: 23
    wildcards: sample=CH65_i_MI_pos_b
    resources: tmpdir=/tmp

[Mon Jul 25 16:41:20 2022]
Finished job 11.
31 of 90 steps (34%) done
Select jobs to execute...

[Mon Jul 25 16:41:20 2022]
rule parse_genotype:
    input: results_CH65/indexed_fastq/CH65_i_MI_pos_a.tsv, results_CH65/regexes/geno_for_regex.txt, results_CH65/regexes/geno_rev_regex.txt, results_CH65/mutation_list.tsv
    output: results_CH65/genotypes/CH65_i_MI_pos_a.tsv, results_CH65/genotypes/CH65_i_MI_pos_a_rejected_reads.tsv.gz, results_CH65/genotypes/CH65_i_MI_pos_a_stats.tsv
    jobid: 10
    wildcards: sample=CH65_i_MI_pos_a
    resources: tmpdir=/tmp

[Mon Jul 25 16:41:22 2022]
Finished job 23.
32 of 90 steps (36%) done
Select jobs to execute...

[Mon Jul 25 16:41:22 2022]
rule parse_genotype:
    input: results_CH65/indexed_fastq/CH65_i_MI_pos_b.tsv, results_CH65/regexes/geno_for_regex.txt, results_CH65/regexes/geno_rev_regex.txt, results_CH65/mutation_list.tsv
    output: results_CH65/genotypes/CH65_i_MI_pos_b.tsv, results_CH65/genotypes/CH65_i_MI_pos_b_rejected_reads.tsv.gz, results_CH65/genotypes/CH65_i_MI_pos_b_stats.tsv
    jobid: 22
    wildcards: sample=CH65_i_MI_pos_b
    resources: tmpdir=/tmp

[Mon Jul 25 16:41:59 2022]
Finished job 36.
33 of 90 steps (37%) done
Select jobs to execute...

[Mon Jul 25 16:41:59 2022]
rule parse_indices:
    input: results_CH65/parsed_fastq/CH65_i_MI_pos_c.tsv
    output: results_CH65/indexed_fastq/CH65_i_MI_pos_c.tsv, results_CH65/indexed_fastq/CH65_i_MI_pos_c_stats.tsv
    jobid: 35
    wildcards: sample=CH65_i_MI_pos_c
    resources: tmpdir=/tmp

[Mon Jul 25 16:42:18 2022]
Finished job 35.
34 of 90 steps (38%) done
Select jobs to execute...

[Mon Jul 25 16:42:18 2022]
rule parse_genotype:
    input: results_CH65/indexed_fastq/CH65_i_MI_pos_c.tsv, results_CH65/regexes/geno_for_regex.txt, results_CH65/regexes/geno_rev_regex.txt, results_CH65/mutation_list.tsv
    output: results_CH65/genotypes/CH65_i_MI_pos_c.tsv, results_CH65/genotypes/CH65_i_MI_pos_c_rejected_reads.tsv.gz, results_CH65/genotypes/CH65_i_MI_pos_c_stats.tsv
    jobid: 34
    wildcards: sample=CH65_i_MI_pos_c
    resources: tmpdir=/tmp

[Mon Jul 25 16:43:32 2022]
Finished job 10.
35 of 90 steps (39%) done
Select jobs to execute...

[Mon Jul 25 16:43:32 2022]
rule deduplicate_UMIs_and_count:
    input: results_CH65/genotypes/CH65_i_MI_pos_a.tsv
    output: results_CH65/counts/CH65_i_MI_pos_a.tsv, results_CH65/counts/CH65_i_MI_pos_a_stats.tsv
    jobid: 9
    wildcards: sample=CH65_i_MI_pos_a
    resources: tmpdir=/tmp

[Mon Jul 25 16:43:45 2022]
Finished job 9.
36 of 90 steps (40%) done
[Mon Jul 25 16:44:14 2022]
Finished job 22.
37 of 90 steps (41%) done
Select jobs to execute...

[Mon Jul 25 16:44:14 2022]
rule deduplicate_UMIs_and_count:
    input: results_CH65/genotypes/CH65_i_MI_pos_b.tsv
    output: results_CH65/counts/CH65_i_MI_pos_b.tsv, results_CH65/counts/CH65_i_MI_pos_b_stats.tsv
    jobid: 21
    wildcards: sample=CH65_i_MI_pos_b
    resources: tmpdir=/tmp

[Mon Jul 25 16:44:21 2022]
Finished job 21.
38 of 90 steps (42%) done
[Mon Jul 25 16:44:38 2022]
Finished job 48.
39 of 90 steps (43%) done
Select jobs to execute...

[Mon Jul 25 16:44:38 2022]
rule parse_indices:
    input: results_CH65/parsed_fastq/CH65_i_SI_G189D_pos_a.tsv
    output: results_CH65/indexed_fastq/CH65_i_SI_G189D_pos_a.tsv, results_CH65/indexed_fastq/CH65_i_SI_G189D_pos_a_stats.tsv
    jobid: 47
    wildcards: sample=CH65_i_SI_G189D_pos_a
    resources: tmpdir=/tmp

[Mon Jul 25 16:45:07 2022]
Finished job 47.
40 of 90 steps (44%) done
Select jobs to execute...

[Mon Jul 25 16:45:07 2022]
rule parse_genotype:
    input: results_CH65/indexed_fastq/CH65_i_SI_G189D_pos_a.tsv, results_CH65/regexes/geno_for_regex.txt, results_CH65/regexes/geno_rev_regex.txt, results_CH65/mutation_list.tsv
    output: results_CH65/genotypes/CH65_i_SI_G189D_pos_a.tsv, results_CH65/genotypes/CH65_i_SI_G189D_pos_a_rejected_reads.tsv.gz, results_CH65/genotypes/CH65_i_SI_G189D_pos_a_stats.tsv
    jobid: 46
    wildcards: sample=CH65_i_SI_G189D_pos_a
    resources: tmpdir=/tmp

[Mon Jul 25 16:45:32 2022]
Finished job 60.
41 of 90 steps (46%) done
Select jobs to execute...

[Mon Jul 25 16:45:32 2022]
rule parse_indices:
    input: results_CH65/parsed_fastq/CH65_i_SI_G189D_pos_b.tsv
    output: results_CH65/indexed_fastq/CH65_i_SI_G189D_pos_b.tsv, results_CH65/indexed_fastq/CH65_i_SI_G189D_pos_b_stats.tsv
    jobid: 59
    wildcards: sample=CH65_i_SI_G189D_pos_b
    resources: tmpdir=/tmp

[Mon Jul 25 16:45:53 2022]
Finished job 34.
42 of 90 steps (47%) done
Select jobs to execute...

[Mon Jul 25 16:45:53 2022]
rule deduplicate_UMIs_and_count:
    input: results_CH65/genotypes/CH65_i_MI_pos_c.tsv
    output: results_CH65/counts/CH65_i_MI_pos_c.tsv, results_CH65/counts/CH65_i_MI_pos_c_stats.tsv
    jobid: 33
    wildcards: sample=CH65_i_MI_pos_c
    resources: tmpdir=/tmp

[Mon Jul 25 16:46:03 2022]
Finished job 59.
43 of 90 steps (48%) done
Select jobs to execute...

[Mon Jul 25 16:46:03 2022]
rule parse_genotype:
    input: results_CH65/indexed_fastq/CH65_i_SI_G189D_pos_b.tsv, results_CH65/regexes/geno_for_regex.txt, results_CH65/regexes/geno_rev_regex.txt, results_CH65/mutation_list.tsv
    output: results_CH65/genotypes/CH65_i_SI_G189D_pos_b.tsv, results_CH65/genotypes/CH65_i_SI_G189D_pos_b_rejected_reads.tsv.gz, results_CH65/genotypes/CH65_i_SI_G189D_pos_b_stats.tsv
    jobid: 58
    wildcards: sample=CH65_i_SI_G189D_pos_b
    resources: tmpdir=/tmp

[Mon Jul 25 16:46:05 2022]
Finished job 33.
44 of 90 steps (49%) done
[Mon Jul 25 16:47:05 2022]
Finished job 72.
45 of 90 steps (50%) done
Select jobs to execute...

[Mon Jul 25 16:47:05 2022]
rule parse_indices:
    input: results_CH65/parsed_fastq/CH65_i_SI_G189D_pos_c.tsv
    output: results_CH65/indexed_fastq/CH65_i_SI_G189D_pos_c.tsv, results_CH65/indexed_fastq/CH65_i_SI_G189D_pos_c_stats.tsv
    jobid: 71
    wildcards: sample=CH65_i_SI_G189D_pos_c
    resources: tmpdir=/tmp

[Mon Jul 25 16:47:45 2022]
Finished job 71.
46 of 90 steps (51%) done
Select jobs to execute...

[Mon Jul 25 16:47:45 2022]
rule parse_genotype:
    input: results_CH65/indexed_fastq/CH65_i_SI_G189D_pos_c.tsv, results_CH65/regexes/geno_for_regex.txt, results_CH65/regexes/geno_rev_regex.txt, results_CH65/mutation_list.tsv
    output: results_CH65/genotypes/CH65_i_SI_G189D_pos_c.tsv, results_CH65/genotypes/CH65_i_SI_G189D_pos_c_rejected_reads.tsv.gz, results_CH65/genotypes/CH65_i_SI_G189D_pos_c_stats.tsv
    jobid: 70
    wildcards: sample=CH65_i_SI_G189D_pos_c
    resources: tmpdir=/tmp

[Mon Jul 25 16:52:02 2022]
Finished job 46.
47 of 90 steps (52%) done
Select jobs to execute...

[Mon Jul 25 16:52:02 2022]
rule deduplicate_UMIs_and_count:
    input: results_CH65/genotypes/CH65_i_SI_G189D_pos_a.tsv
    output: results_CH65/counts/CH65_i_SI_G189D_pos_a.tsv, results_CH65/counts/CH65_i_SI_G189D_pos_a_stats.tsv
    jobid: 45
    wildcards: sample=CH65_i_SI_G189D_pos_a
    resources: tmpdir=/tmp

[Mon Jul 25 16:52:15 2022]
Finished job 45.
48 of 90 steps (53%) done
[Mon Jul 25 16:53:41 2022]
Finished job 58.
49 of 90 steps (54%) done
Select jobs to execute...

[Mon Jul 25 16:53:41 2022]
rule deduplicate_UMIs_and_count:
    input: results_CH65/genotypes/CH65_i_SI_G189D_pos_b.tsv
    output: results_CH65/counts/CH65_i_SI_G189D_pos_b.tsv, results_CH65/counts/CH65_i_SI_G189D_pos_b_stats.tsv
    jobid: 57
    wildcards: sample=CH65_i_SI_G189D_pos_b
    resources: tmpdir=/tmp

[Mon Jul 25 16:53:56 2022]
Finished job 57.
50 of 90 steps (56%) done
[Mon Jul 25 16:58:32 2022]
Finished job 70.
51 of 90 steps (57%) done
Select jobs to execute...

[Mon Jul 25 16:58:32 2022]
rule deduplicate_UMIs_and_count:
    input: results_CH65/genotypes/CH65_i_SI_G189D_pos_c.tsv
    output: results_CH65/counts/CH65_i_SI_G189D_pos_c.tsv, results_CH65/counts/CH65_i_SI_G189D_pos_c_stats.tsv
    jobid: 69
    wildcards: sample=CH65_i_SI_G189D_pos_c
    resources: tmpdir=/tmp

[Mon Jul 25 16:58:48 2022]
Finished job 69.
52 of 90 steps (58%) done
[Mon Jul 25 17:10:37 2022]
Finished job 66.
53 of 90 steps (59%) done
Select jobs to execute...

[Mon Jul 25 17:10:37 2022]
rule parse_indices:
    input: results_CH65/parsed_fastq/CH65_i_SI_G189D_neg_c.tsv
    output: results_CH65/indexed_fastq/CH65_i_SI_G189D_neg_c.tsv, results_CH65/indexed_fastq/CH65_i_SI_G189D_neg_c_stats.tsv
    jobid: 65
    wildcards: sample=CH65_i_SI_G189D_neg_c
    resources: tmpdir=/tmp

[Mon Jul 25 17:12:50 2022]
Finished job 65.
54 of 90 steps (60%) done
Select jobs to execute...

[Mon Jul 25 17:12:50 2022]
rule parse_genotype:
    input: results_CH65/indexed_fastq/CH65_i_SI_G189D_neg_c.tsv, results_CH65/regexes/geno_for_regex.txt, results_CH65/regexes/geno_rev_regex.txt, results_CH65/mutation_list.tsv
    output: results_CH65/genotypes/CH65_i_SI_G189D_neg_c.tsv, results_CH65/genotypes/CH65_i_SI_G189D_neg_c_rejected_reads.tsv.gz, results_CH65/genotypes/CH65_i_SI_G189D_neg_c_stats.tsv
    jobid: 64
    wildcards: sample=CH65_i_SI_G189D_neg_c
    resources: tmpdir=/tmp

[Mon Jul 25 17:15:22 2022]
Finished job 42.
55 of 90 steps (61%) done
Select jobs to execute...

[Mon Jul 25 17:15:22 2022]
rule parse_indices:
    input: results_CH65/parsed_fastq/CH65_i_SI_G189D_neg_a.tsv
    output: results_CH65/indexed_fastq/CH65_i_SI_G189D_neg_a.tsv, results_CH65/indexed_fastq/CH65_i_SI_G189D_neg_a_stats.tsv
    jobid: 41
    wildcards: sample=CH65_i_SI_G189D_neg_a
    resources: tmpdir=/tmp

[Mon Jul 25 17:17:31 2022]
Finished job 54.
56 of 90 steps (62%) done
Select jobs to execute...

[Mon Jul 25 17:17:31 2022]
rule parse_indices:
    input: results_CH65/parsed_fastq/CH65_i_SI_G189D_neg_b.tsv
    output: results_CH65/indexed_fastq/CH65_i_SI_G189D_neg_b.tsv, results_CH65/indexed_fastq/CH65_i_SI_G189D_neg_b_stats.tsv
    jobid: 53
    wildcards: sample=CH65_i_SI_G189D_neg_b
    resources: tmpdir=/tmp

[Mon Jul 25 17:17:54 2022]
Finished job 41.
57 of 90 steps (63%) done
Select jobs to execute...

[Mon Jul 25 17:17:54 2022]
rule parse_genotype:
    input: results_CH65/indexed_fastq/CH65_i_SI_G189D_neg_a.tsv, results_CH65/regexes/geno_for_regex.txt, results_CH65/regexes/geno_rev_regex.txt, results_CH65/mutation_list.tsv
    output: results_CH65/genotypes/CH65_i_SI_G189D_neg_a.tsv, results_CH65/genotypes/CH65_i_SI_G189D_neg_a_rejected_reads.tsv.gz, results_CH65/genotypes/CH65_i_SI_G189D_neg_a_stats.tsv
    jobid: 40
    wildcards: sample=CH65_i_SI_G189D_neg_a
    resources: tmpdir=/tmp

[Mon Jul 25 17:20:08 2022]
Finished job 53.
58 of 90 steps (64%) done
Select jobs to execute...

[Mon Jul 25 17:20:08 2022]
rule parse_genotype:
    input: results_CH65/indexed_fastq/CH65_i_SI_G189D_neg_b.tsv, results_CH65/regexes/geno_for_regex.txt, results_CH65/regexes/geno_rev_regex.txt, results_CH65/mutation_list.tsv
    output: results_CH65/genotypes/CH65_i_SI_G189D_neg_b.tsv, results_CH65/genotypes/CH65_i_SI_G189D_neg_b_rejected_reads.tsv.gz, results_CH65/genotypes/CH65_i_SI_G189D_neg_b_stats.tsv
    jobid: 52
    wildcards: sample=CH65_i_SI_G189D_neg_b
    resources: tmpdir=/tmp

[Mon Jul 25 17:20:57 2022]
Finished job 78.
59 of 90 steps (66%) done
Select jobs to execute...

[Mon Jul 25 17:20:57 2022]
rule parse_indices:
    input: results_CH65/parsed_fastq/CH65_i_unsorted.tsv
    output: results_CH65/indexed_fastq/CH65_i_unsorted.tsv, results_CH65/indexed_fastq/CH65_i_unsorted_stats.tsv
    jobid: 77
    wildcards: sample=CH65_i_unsorted
    resources: tmpdir=/tmp

[Mon Jul 25 17:23:43 2022]
Finished job 77.
60 of 90 steps (67%) done
Select jobs to execute...

[Mon Jul 25 17:23:43 2022]
rule parse_genotype:
    input: results_CH65/indexed_fastq/CH65_i_unsorted.tsv, results_CH65/regexes/geno_for_regex.txt, results_CH65/regexes/geno_rev_regex.txt, results_CH65/mutation_list.tsv
    output: results_CH65/genotypes/CH65_i_unsorted.tsv, results_CH65/genotypes/CH65_i_unsorted_rejected_reads.tsv.gz, results_CH65/genotypes/CH65_i_unsorted_stats.tsv
    jobid: 76
    wildcards: sample=CH65_i_unsorted
    resources: tmpdir=/tmp

[Mon Jul 25 17:36:05 2022]
Finished job 30.
61 of 90 steps (68%) done
Select jobs to execute...

[Mon Jul 25 17:36:05 2022]
rule parse_indices:
    input: results_CH65/parsed_fastq/CH65_i_MI_neg_c.tsv
    output: results_CH65/indexed_fastq/CH65_i_MI_neg_c.tsv, results_CH65/indexed_fastq/CH65_i_MI_neg_c_stats.tsv
    jobid: 29
    wildcards: sample=CH65_i_MI_neg_c
    resources: tmpdir=/tmp

[Mon Jul 25 17:36:30 2022]
Finished job 18.
62 of 90 steps (69%) done
Select jobs to execute...

[Mon Jul 25 17:36:30 2022]
rule parse_indices:
    input: results_CH65/parsed_fastq/CH65_i_MI_neg_b.tsv
    output: results_CH65/indexed_fastq/CH65_i_MI_neg_b.tsv, results_CH65/indexed_fastq/CH65_i_MI_neg_b_stats.tsv
    jobid: 17
    wildcards: sample=CH65_i_MI_neg_b
    resources: tmpdir=/tmp

[Mon Jul 25 17:38:20 2022]
Finished job 4.
63 of 90 steps (70%) done
Select jobs to execute...

[Mon Jul 25 17:38:20 2022]
rule parse_indices:
    input: results_CH65/parsed_fastq/CH65_i_MI_neg_a.tsv
    output: results_CH65/indexed_fastq/CH65_i_MI_neg_a.tsv, results_CH65/indexed_fastq/CH65_i_MI_neg_a_stats.tsv
    jobid: 3
    wildcards: sample=CH65_i_MI_neg_a
    resources: tmpdir=/tmp

[Mon Jul 25 17:39:42 2022]
Finished job 29.
64 of 90 steps (71%) done
Select jobs to execute...

[Mon Jul 25 17:39:42 2022]
rule parse_genotype:
    input: results_CH65/indexed_fastq/CH65_i_MI_neg_c.tsv, results_CH65/regexes/geno_for_regex.txt, results_CH65/regexes/geno_rev_regex.txt, results_CH65/mutation_list.tsv
    output: results_CH65/genotypes/CH65_i_MI_neg_c.tsv, results_CH65/genotypes/CH65_i_MI_neg_c_rejected_reads.tsv.gz, results_CH65/genotypes/CH65_i_MI_neg_c_stats.tsv
    jobid: 28
    wildcards: sample=CH65_i_MI_neg_c
    resources: tmpdir=/tmp

[Mon Jul 25 17:40:30 2022]
Finished job 17.
65 of 90 steps (72%) done
Select jobs to execute...

[Mon Jul 25 17:40:30 2022]
rule parse_genotype:
    input: results_CH65/indexed_fastq/CH65_i_MI_neg_b.tsv, results_CH65/regexes/geno_for_regex.txt, results_CH65/regexes/geno_rev_regex.txt, results_CH65/mutation_list.tsv
    output: results_CH65/genotypes/CH65_i_MI_neg_b.tsv, results_CH65/genotypes/CH65_i_MI_neg_b_rejected_reads.tsv.gz, results_CH65/genotypes/CH65_i_MI_neg_b_stats.tsv
    jobid: 16
    wildcards: sample=CH65_i_MI_neg_b
    resources: tmpdir=/tmp

[Mon Jul 25 17:42:38 2022]
Finished job 3.
66 of 90 steps (73%) done
Select jobs to execute...

[Mon Jul 25 17:42:38 2022]
rule parse_genotype:
    input: results_CH65/indexed_fastq/CH65_i_MI_neg_a.tsv, results_CH65/regexes/geno_for_regex.txt, results_CH65/regexes/geno_rev_regex.txt, results_CH65/mutation_list.tsv
    output: results_CH65/genotypes/CH65_i_MI_neg_a.tsv, results_CH65/genotypes/CH65_i_MI_neg_a_rejected_reads.tsv.gz, results_CH65/genotypes/CH65_i_MI_neg_a_stats.tsv
    jobid: 2
    wildcards: sample=CH65_i_MI_neg_a
    resources: tmpdir=/tmp

[Mon Jul 25 17:56:18 2022]
Finished job 64.
67 of 90 steps (74%) done
Select jobs to execute...

[Mon Jul 25 17:56:18 2022]
rule deduplicate_UMIs_and_count:
    input: results_CH65/genotypes/CH65_i_SI_G189D_neg_c.tsv
    output: results_CH65/counts/CH65_i_SI_G189D_neg_c.tsv, results_CH65/counts/CH65_i_SI_G189D_neg_c_stats.tsv
    jobid: 63
    wildcards: sample=CH65_i_SI_G189D_neg_c
    resources: tmpdir=/tmp

[Mon Jul 25 17:56:54 2022]
Finished job 63.
68 of 90 steps (76%) done
[Mon Jul 25 18:06:25 2022]
Finished job 40.
69 of 90 steps (77%) done
Select jobs to execute...

[Mon Jul 25 18:06:25 2022]
rule deduplicate_UMIs_and_count:
    input: results_CH65/genotypes/CH65_i_SI_G189D_neg_a.tsv
    output: results_CH65/counts/CH65_i_SI_G189D_neg_a.tsv, results_CH65/counts/CH65_i_SI_G189D_neg_a_stats.tsv
    jobid: 39
    wildcards: sample=CH65_i_SI_G189D_neg_a
    resources: tmpdir=/tmp

[Mon Jul 25 18:07:06 2022]
Finished job 39.
70 of 90 steps (78%) done
[Mon Jul 25 18:08:31 2022]
Finished job 52.
71 of 90 steps (79%) done
Select jobs to execute...

[Mon Jul 25 18:08:31 2022]
rule deduplicate_UMIs_and_count:
    input: results_CH65/genotypes/CH65_i_SI_G189D_neg_b.tsv
    output: results_CH65/counts/CH65_i_SI_G189D_neg_b.tsv, results_CH65/counts/CH65_i_SI_G189D_neg_b_stats.tsv
    jobid: 51
    wildcards: sample=CH65_i_SI_G189D_neg_b
    resources: tmpdir=/tmp

[Mon Jul 25 18:09:12 2022]
Finished job 51.
72 of 90 steps (80%) done
[Mon Jul 25 18:33:58 2022]
Finished job 76.
73 of 90 steps (81%) done
Select jobs to execute...

[Mon Jul 25 18:33:58 2022]
rule deduplicate_UMIs_and_count:
    input: results_CH65/genotypes/CH65_i_unsorted.tsv
    output: results_CH65/counts/CH65_i_unsorted.tsv, results_CH65/counts/CH65_i_unsorted_stats.tsv
    jobid: 75
    wildcards: sample=CH65_i_unsorted
    resources: tmpdir=/tmp

[Mon Jul 25 18:34:32 2022]
Finished job 75.
74 of 90 steps (82%) done
[Mon Jul 25 18:59:40 2022]
Finished job 16.
75 of 90 steps (83%) done
Select jobs to execute...

[Mon Jul 25 18:59:40 2022]
rule deduplicate_UMIs_and_count:
    input: results_CH65/genotypes/CH65_i_MI_neg_b.tsv
    output: results_CH65/counts/CH65_i_MI_neg_b.tsv, results_CH65/counts/CH65_i_MI_neg_b_stats.tsv
    jobid: 15
    wildcards: sample=CH65_i_MI_neg_b
    resources: tmpdir=/tmp

[Mon Jul 25 19:00:34 2022]
Finished job 15.
76 of 90 steps (84%) done
[Mon Jul 25 19:02:22 2022]
Finished job 2.
77 of 90 steps (86%) done
Select jobs to execute...

[Mon Jul 25 19:02:22 2022]
rule deduplicate_UMIs_and_count:
    input: results_CH65/genotypes/CH65_i_MI_neg_a.tsv
    output: results_CH65/counts/CH65_i_MI_neg_a.tsv, results_CH65/counts/CH65_i_MI_neg_a_stats.tsv
    jobid: 1
    wildcards: sample=CH65_i_MI_neg_a
    resources: tmpdir=/tmp

[Mon Jul 25 19:03:25 2022]
Finished job 1.
78 of 90 steps (87%) done
[Mon Jul 25 19:03:33 2022]
Finished job 28.
79 of 90 steps (88%) done
Select jobs to execute...

[Mon Jul 25 19:03:33 2022]
rule deduplicate_UMIs_and_count:
    input: results_CH65/genotypes/CH65_i_MI_neg_c.tsv
    output: results_CH65/counts/CH65_i_MI_neg_c.tsv, results_CH65/counts/CH65_i_MI_neg_c_stats.tsv
    jobid: 27
    wildcards: sample=CH65_i_MI_neg_c
    resources: tmpdir=/tmp

[Mon Jul 25 19:04:13 2022]
Finished job 27.
80 of 90 steps (89%) done
Select jobs to execute...

[Mon Jul 25 19:04:13 2022]
rule assemble_count_table:
    input: results_CH65/counts/CH65_i_MI_neg_a.tsv, results_CH65/counts/CH65_i_MI_pos_a.tsv, results_CH65/counts/CH65_i_MI_neg_b.tsv, results_CH65/counts/CH65_i_MI_pos_b.tsv, results_CH65/counts/CH65_i_MI_neg_c.tsv, results_CH65/counts/CH65_i_MI_pos_c.tsv, results_CH65/counts/CH65_i_SI_G189D_neg_a.tsv, results_CH65/counts/CH65_i_SI_G189D_pos_a.tsv, results_CH65/counts/CH65_i_SI_G189D_neg_b.tsv, results_CH65/counts/CH65_i_SI_G189D_pos_b.tsv, results_CH65/counts/CH65_i_SI_G189D_neg_c.tsv, results_CH65/counts/CH65_i_SI_G189D_pos_c.tsv, results_CH65/counts/CH65_i_unsorted.tsv
    output: results_CH65/count_table.tsv
    jobid: 0
    resources: tmpdir=/tmp

[Mon Jul 25 19:04:20 2022]
Finished job 0.
81 of 90 steps (90%) done
Complete log: /n/holyscratch01/desai_lab/Users/aphillips/babyYODA/CH65_sortseq_analysis_v5/Kd_inference/.snakemake/log/2022-07-25T163338.409912.snakemake.log
