/n/desai_lab/users/aphillips/babyYODA/titeseq/full_titeseq_data/seq_data/Nova5_merged/fastq/CH65_Nova5/CH65_i_MI_neg_a_S1_L00?_R1_001.fastq.gz
/n/desai_lab/users/aphillips/babyYODA/titeseq/full_titeseq_data/seq_data/Nova5_merged/fastq/CH65_Nova5/CH65_i_MI_neg_a_S1_L00?_R2_001.fastq.gz
/n/desai_lab/users/aphillips/babyYODA/titeseq/full_titeseq_data/seq_data/Nova5_merged/fastq/CH65_Nova5/CH65_i_MI_pos_a_S2_L00?_R1_001.fastq.gz
/n/desai_lab/users/aphillips/babyYODA/titeseq/full_titeseq_data/seq_data/Nova5_merged/fastq/CH65_Nova5/CH65_i_MI_pos_a_S2_L00?_R2_001.fastq.gz
/n/desai_lab/users/aphillips/babyYODA/titeseq/full_titeseq_data/seq_data/Nova5_merged/fastq/CH65_Nova5/CH65_i_MI_neg_b_S3_L00?_R1_001.fastq.gz
/n/desai_lab/users/aphillips/babyYODA/titeseq/full_titeseq_data/seq_data/Nova5_merged/fastq/CH65_Nova5/CH65_i_MI_neg_b_S3_L00?_R2_001.fastq.gz
/n/desai_lab/users/aphillips/babyYODA/titeseq/full_titeseq_data/seq_data/Nova5_merged/fastq/CH65_Nova5/CH65_i_MI_pos_b_S4_L00?_R1_001.fastq.gz
/n/desai_lab/users/aphillips/babyYODA/titeseq/full_titeseq_data/seq_data/Nova5_merged/fastq/CH65_Nova5/CH65_i_MI_pos_b_S4_L00?_R2_001.fastq.gz
/n/desai_lab/users/aphillips/babyYODA/titeseq/full_titeseq_data/seq_data/Nova5_merged/fastq/CH65_Nova5/CH65_i_MI_neg_c_S5_L00?_R1_001.fastq.gz
/n/desai_lab/users/aphillips/babyYODA/titeseq/full_titeseq_data/seq_data/Nova5_merged/fastq/CH65_Nova5/CH65_i_MI_neg_c_S5_L00?_R2_001.fastq.gz
/n/desai_lab/users/aphillips/babyYODA/titeseq/full_titeseq_data/seq_data/Nova5_merged/fastq/CH65_Nova5/CH65_i_MI_pos_c_S6_L00?_R1_001.fastq.gz
/n/desai_lab/users/aphillips/babyYODA/titeseq/full_titeseq_data/seq_data/Nova5_merged/fastq/CH65_Nova5/CH65_i_MI_pos_c_S6_L00?_R2_001.fastq.gz
/n/desai_lab/users/aphillips/babyYODA/titeseq/full_titeseq_data/seq_data/Nova5_merged/fastq/CH65_Nova5/CH65_i_SI_G189D_neg_a_S7_L00?_R1_001.fastq.gz
/n/desai_lab/users/aphillips/babyYODA/titeseq/full_titeseq_data/seq_data/Nova5_merged/fastq/CH65_Nova5/CH65_i_SI_G189D_neg_a_S7_L00?_R2_001.fastq.gz
/n/desai_lab/users/aphillips/babyYODA/titeseq/full_titeseq_data/seq_data/Nova5_merged/fastq/CH65_Nova5/CH65_i_SI_G189D_pos_a_S8_L00?_R1_001.fastq.gz
/n/desai_lab/users/aphillips/babyYODA/titeseq/full_titeseq_data/seq_data/Nova5_merged/fastq/CH65_Nova5/CH65_i_SI_G189D_pos_a_S8_L00?_R2_001.fastq.gz
/n/desai_lab/users/aphillips/babyYODA/titeseq/full_titeseq_data/seq_data/Nova5_merged/fastq/CH65_Nova5/CH65_i_SI_G189D_neg_b_S9_L00?_R1_001.fastq.gz
/n/desai_lab/users/aphillips/babyYODA/titeseq/full_titeseq_data/seq_data/Nova5_merged/fastq/CH65_Nova5/CH65_i_SI_G189D_neg_b_S9_L00?_R2_001.fastq.gz
/n/desai_lab/users/aphillips/babyYODA/titeseq/full_titeseq_data/seq_data/Nova5_merged/fastq/CH65_Nova5/CH65_i_SI_G189D_pos_b_S10_L00?_R1_001.fastq.gz
/n/desai_lab/users/aphillips/babyYODA/titeseq/full_titeseq_data/seq_data/Nova5_merged/fastq/CH65_Nova5/CH65_i_SI_G189D_pos_b_S10_L00?_R2_001.fastq.gz
/n/desai_lab/users/aphillips/babyYODA/titeseq/full_titeseq_data/seq_data/Nova5_merged/fastq/CH65_Nova5/CH65_i_SI_G189D_neg_c_S11_L00?_R1_001.fastq.gz
/n/desai_lab/users/aphillips/babyYODA/titeseq/full_titeseq_data/seq_data/Nova5_merged/fastq/CH65_Nova5/CH65_i_SI_G189D_neg_c_S11_L00?_R2_001.fastq.gz
/n/desai_lab/users/aphillips/babyYODA/titeseq/full_titeseq_data/seq_data/Nova5_merged/fastq/CH65_Nova5/CH65_i_SI_G189D_pos_c_S12_L00?_R1_001.fastq.gz
/n/desai_lab/users/aphillips/babyYODA/titeseq/full_titeseq_data/seq_data/Nova5_merged/fastq/CH65_Nova5/CH65_i_SI_G189D_pos_c_S12_L00?_R2_001.fastq.gz
/n/desai_lab/users/aphillips/babyYODA/titeseq/full_titeseq_data/seq_data/Nova5_merged/fastq/CH65_Nova5/CH65_i_unsorted_S13_L00?_R1_001.fastq.gz
/n/desai_lab/users/aphillips/babyYODA/titeseq/full_titeseq_data/seq_data/Nova5_merged/fastq/CH65_Nova5/CH65_i_unsorted_S13_L00?_R2_001.fastq.gz
